<?xml version="1.0" encoding="UTF-8"?>
<testng-results skipped="0" failed="2" ignored="0" total="9" passed="7">
  <reporter-output>
  </reporter-output>
  <suite name="Selenium Assignment Suite" duration-ms="75896" started-at="2018-12-08T08:05:25Z" finished-at="2018-12-08T08:06:41Z">
    <groups>
      <group name="Login">
        <method signature="LoginPageTest.validLoginTest()[pri:1, instance:com.seleniumassignment.qa.testcases.LoginPageTest@23fe1d71]" name="validLoginTest" class="com.seleniumassignment.qa.testcases.LoginPageTest"/>
      </group> <!-- Login -->
    </groups>
    <test name="Selenium Assignment Test Cases" duration-ms="75896" started-at="2018-12-08T08:05:25Z" finished-at="2018-12-08T08:06:41Z">
      <class name="com.seleniumassignment.qa.testcases.HomePageTest">
        <test-method status="PASS" signature="setUp()[pri:0, instance:com.seleniumassignment.qa.testcases.HomePageTest@28ac3dc3]" name="setUp" is-config="true" duration-ms="7548" started-at="2018-12-08T08:05:51Z" finished-at="2018-12-08T08:05:59Z">
          <reporter-output>
          </reporter-output>
        </test-method> <!-- setUp -->
        <test-method status="PASS" signature="verifyHomePageTitle()[pri:0, instance:com.seleniumassignment.qa.testcases.HomePageTest@28ac3dc3]" name="verifyHomePageTitle" duration-ms="7" started-at="2018-12-08T08:05:59Z" finished-at="2018-12-08T08:05:59Z">
          <reporter-output>
          </reporter-output>
        </test-method> <!-- verifyHomePageTitle -->
        <test-method status="PASS" signature="tearDown()[pri:0, instance:com.seleniumassignment.qa.testcases.HomePageTest@28ac3dc3]" name="tearDown" is-config="true" duration-ms="914" started-at="2018-12-08T08:05:59Z" finished-at="2018-12-08T08:06:00Z">
          <reporter-output>
          </reporter-output>
        </test-method> <!-- tearDown -->
        <test-method status="PASS" signature="setUp()[pri:0, instance:com.seleniumassignment.qa.testcases.HomePageTest@28ac3dc3]" name="setUp" is-config="true" duration-ms="7141" started-at="2018-12-08T08:06:00Z" finished-at="2018-12-08T08:06:07Z">
          <reporter-output>
          </reporter-output>
        </test-method> <!-- setUp -->
        <test-method status="PASS" signature="verifyPersonaltabTest()[pri:0, instance:com.seleniumassignment.qa.testcases.HomePageTest@28ac3dc3]" name="verifyPersonaltabTest" duration-ms="1134" started-at="2018-12-08T08:06:07Z" finished-at="2018-12-08T08:06:08Z">
          <reporter-output>
          </reporter-output>
        </test-method> <!-- verifyPersonaltabTest -->
        <test-method status="PASS" signature="tearDown()[pri:0, instance:com.seleniumassignment.qa.testcases.HomePageTest@28ac3dc3]" name="tearDown" is-config="true" duration-ms="923" started-at="2018-12-08T08:06:08Z" finished-at="2018-12-08T08:06:09Z">
          <reporter-output>
          </reporter-output>
        </test-method> <!-- tearDown -->
        <test-method status="PASS" signature="setUp()[pri:0, instance:com.seleniumassignment.qa.testcases.HomePageTest@28ac3dc3]" name="setUp" is-config="true" duration-ms="6780" started-at="2018-12-08T08:06:17Z" finished-at="2018-12-08T08:06:24Z">
          <reporter-output>
          </reporter-output>
        </test-method> <!-- setUp -->
        <test-method status="PASS" signature="verifyUserNameIsAvailable()[pri:1, instance:com.seleniumassignment.qa.testcases.HomePageTest@28ac3dc3]" name="verifyUserNameIsAvailable" duration-ms="40" started-at="2018-12-08T08:06:24Z" finished-at="2018-12-08T08:06:24Z">
          <reporter-output>
          </reporter-output>
        </test-method> <!-- verifyUserNameIsAvailable -->
        <test-method status="PASS" signature="tearDown()[pri:0, instance:com.seleniumassignment.qa.testcases.HomePageTest@28ac3dc3]" name="tearDown" is-config="true" duration-ms="870" started-at="2018-12-08T08:06:24Z" finished-at="2018-12-08T08:06:25Z">
          <reporter-output>
          </reporter-output>
        </test-method> <!-- tearDown -->
        <test-method status="PASS" signature="setUp()[pri:0, instance:com.seleniumassignment.qa.testcases.HomePageTest@28ac3dc3]" name="setUp" is-config="true" duration-ms="7843" started-at="2018-12-08T08:06:32Z" finished-at="2018-12-08T08:06:40Z">
          <reporter-output>
          </reporter-output>
        </test-method> <!-- setUp -->
        <test-method status="FAIL" signature="verifyCorrectUserName()[pri:2, instance:com.seleniumassignment.qa.testcases.HomePageTest@28ac3dc3]" name="verifyCorrectUserName" duration-ms="47" started-at="2018-12-08T08:06:40Z" finished-at="2018-12-08T08:06:40Z">
          <exception class="java.lang.AbstractMethodError">
            <message>
              <![CDATA[com.seleniumassignment.qa.utils.WebEventListener.beforeGetText(Lorg/openqa/selenium/WebElement;Lorg/openqa/selenium/WebDriver;)V]]>
            </message>
            <full-stacktrace>
              <![CDATA[java.lang.AbstractMethodError: com.seleniumassignment.qa.utils.WebEventListener.beforeGetText(Lorg/openqa/selenium/WebElement;Lorg/openqa/selenium/WebDriver;)V
at sun.reflect.NativeMethodAccessorImpl.invoke0(Native Method)
at sun.reflect.NativeMethodAccessorImpl.invoke(NativeMethodAccessorImpl.java:62)
at sun.reflect.DelegatingMethodAccessorImpl.invoke(DelegatingMethodAccessorImpl.java:43)
at java.lang.reflect.Method.invoke(Method.java:497)
at org.openqa.selenium.support.events.EventFiringWebDriver.lambda$new$0(EventFiringWebDriver.java:84)
at com.sun.proxy.$Proxy6.beforeGetText(Unknown Source)
at org.openqa.selenium.support.events.EventFiringWebDriver$EventFiringWebElement.getText(EventFiringWebDriver.java:462)
at sun.reflect.NativeMethodAccessorImpl.invoke0(Native Method)
at sun.reflect.NativeMethodAccessorImpl.invoke(NativeMethodAccessorImpl.java:62)
at sun.reflect.DelegatingMethodAccessorImpl.invoke(DelegatingMethodAccessorImpl.java:43)
at java.lang.reflect.Method.invoke(Method.java:497)
at org.openqa.selenium.support.pagefactory.internal.LocatingElementHandler.invoke(LocatingElementHandler.java:51)
at com.sun.proxy.$Proxy11.getText(Unknown Source)
at com.seleniumassignment.qa.pages.HomePage.userLabel(HomePage.java:85)
at com.seleniumassignment.qa.testcases.HomePageTest.verifyCorrectUserName(HomePageTest.java:44)
at sun.reflect.NativeMethodAccessorImpl.invoke0(Native Method)
at sun.reflect.NativeMethodAccessorImpl.invoke(NativeMethodAccessorImpl.java:62)
at sun.reflect.DelegatingMethodAccessorImpl.invoke(DelegatingMethodAccessorImpl.java:43)
at java.lang.reflect.Method.invoke(Method.java:497)
at org.testng.internal.MethodInvocationHelper.invokeMethod(MethodInvocationHelper.java:124)
at org.testng.internal.Invoker.invokeMethod(Invoker.java:580)
at org.testng.internal.Invoker.invokeTestMethod(Invoker.java:716)
at org.testng.internal.Invoker.invokeTestMethods(Invoker.java:988)
at org.testng.internal.TestMethodWorker.invokeTestMethods(TestMethodWorker.java:125)
at org.testng.internal.TestMethodWorker.run(TestMethodWorker.java:109)
at org.testng.TestRunner.privateRun(TestRunner.java:648)
at org.testng.TestRunner.run(TestRunner.java:505)
at org.testng.SuiteRunner.runTest(SuiteRunner.java:455)
at org.testng.SuiteRunner.runSequentially(SuiteRunner.java:450)
at org.testng.SuiteRunner.privateRun(SuiteRunner.java:415)
at org.testng.SuiteRunner.run(SuiteRunner.java:364)
at org.testng.SuiteRunnerWorker.runSuite(SuiteRunnerWorker.java:52)
at org.testng.SuiteRunnerWorker.run(SuiteRunnerWorker.java:84)
at org.testng.TestNG.runSuitesSequentially(TestNG.java:1208)
at org.testng.TestNG.runSuitesLocally(TestNG.java:1137)
at org.testng.TestNG.runSuites(TestNG.java:1049)
at org.testng.TestNG.run(TestNG.java:1017)
at org.testng.remote.AbstractRemoteTestNG.run(AbstractRemoteTestNG.java:114)
at org.testng.remote.RemoteTestNG.initAndRun(RemoteTestNG.java:251)
at org.testng.remote.RemoteTestNG.main(RemoteTestNG.java:77)
]]>
            </full-stacktrace>
          </exception> <!-- java.lang.AbstractMethodError -->
          <reporter-output>
          </reporter-output>
        </test-method> <!-- verifyCorrectUserName -->
        <test-method status="PASS" signature="tearDown()[pri:0, instance:com.seleniumassignment.qa.testcases.HomePageTest@28ac3dc3]" name="tearDown" is-config="true" duration-ms="916" started-at="2018-12-08T08:06:40Z" finished-at="2018-12-08T08:06:41Z">
          <reporter-output>
          </reporter-output>
        </test-method> <!-- tearDown -->
      </class> <!-- com.seleniumassignment.qa.testcases.HomePageTest -->
      <class name="com.seleniumassignment.qa.testcases.LoginPageTest">
        <test-method status="PASS" signature="setUp()[pri:0, instance:com.seleniumassignment.qa.testcases.LoginPageTest@23fe1d71]" name="setUp" is-config="true" duration-ms="9533" started-at="2018-12-08T08:05:25Z" finished-at="2018-12-08T08:05:35Z">
          <reporter-output>
          </reporter-output>
        </test-method> <!-- setUp -->
        <test-method status="PASS" signature="LogoTest()[pri:0, instance:com.seleniumassignment.qa.testcases.LoginPageTest@23fe1d71]" name="LogoTest" duration-ms="61" started-at="2018-12-08T08:05:35Z" description="Verify Logo image" finished-at="2018-12-08T08:05:35Z">
          <reporter-output>
          </reporter-output>
        </test-method> <!-- LogoTest -->
        <test-method status="PASS" signature="tearDown()[pri:0, instance:com.seleniumassignment.qa.testcases.LoginPageTest@23fe1d71]" name="tearDown" is-config="true" duration-ms="859" started-at="2018-12-08T08:05:35Z" finished-at="2018-12-08T08:05:36Z">
          <reporter-output>
          </reporter-output>
        </test-method> <!-- tearDown -->
        <test-method status="PASS" signature="setUp()[pri:0, instance:com.seleniumassignment.qa.testcases.LoginPageTest@23fe1d71]" name="setUp" is-config="true" duration-ms="6627" started-at="2018-12-08T08:05:36Z" finished-at="2018-12-08T08:05:42Z">
          <reporter-output>
          </reporter-output>
        </test-method> <!-- setUp -->
        <test-method status="FAIL" signature="invalidLoginTest()[pri:0, instance:com.seleniumassignment.qa.testcases.LoginPageTest@23fe1d71]" name="invalidLoginTest" duration-ms="727" started-at="2018-12-08T08:05:42Z" description="Verify invalid login" finished-at="2018-12-08T08:05:43Z">
          <exception class="java.lang.AbstractMethodError">
            <message>
              <![CDATA[com.seleniumassignment.qa.utils.WebEventListener.beforeGetText(Lorg/openqa/selenium/WebElement;Lorg/openqa/selenium/WebDriver;)V]]>
            </message>
            <full-stacktrace>
              <![CDATA[java.lang.AbstractMethodError: com.seleniumassignment.qa.utils.WebEventListener.beforeGetText(Lorg/openqa/selenium/WebElement;Lorg/openqa/selenium/WebDriver;)V
at sun.reflect.NativeMethodAccessorImpl.invoke0(Native Method)
at sun.reflect.NativeMethodAccessorImpl.invoke(NativeMethodAccessorImpl.java:62)
at sun.reflect.DelegatingMethodAccessorImpl.invoke(DelegatingMethodAccessorImpl.java:43)
at java.lang.reflect.Method.invoke(Method.java:497)
at org.openqa.selenium.support.events.EventFiringWebDriver.lambda$new$0(EventFiringWebDriver.java:84)
at com.sun.proxy.$Proxy6.beforeGetText(Unknown Source)
at org.openqa.selenium.support.events.EventFiringWebDriver$EventFiringWebElement.getText(EventFiringWebDriver.java:462)
at sun.reflect.NativeMethodAccessorImpl.invoke0(Native Method)
at sun.reflect.NativeMethodAccessorImpl.invoke(NativeMethodAccessorImpl.java:62)
at sun.reflect.DelegatingMethodAccessorImpl.invoke(DelegatingMethodAccessorImpl.java:43)
at java.lang.reflect.Method.invoke(Method.java:497)
at org.openqa.selenium.support.pagefactory.internal.LocatingElementHandler.invoke(LocatingElementHandler.java:51)
at com.sun.proxy.$Proxy11.getText(Unknown Source)
at com.seleniumassignment.qa.pages.LoginPage.invalidLogin(LoginPage.java:72)
at com.seleniumassignment.qa.testcases.LoginPageTest.invalidLoginTest(LoginPageTest.java:48)
at sun.reflect.NativeMethodAccessorImpl.invoke0(Native Method)
at sun.reflect.NativeMethodAccessorImpl.invoke(NativeMethodAccessorImpl.java:62)
at sun.reflect.DelegatingMethodAccessorImpl.invoke(DelegatingMethodAccessorImpl.java:43)
at java.lang.reflect.Method.invoke(Method.java:497)
at org.testng.internal.MethodInvocationHelper.invokeMethod(MethodInvocationHelper.java:124)
at org.testng.internal.Invoker.invokeMethod(Invoker.java:580)
at org.testng.internal.Invoker.invokeTestMethod(Invoker.java:716)
at org.testng.internal.Invoker.invokeTestMethods(Invoker.java:988)
at org.testng.internal.TestMethodWorker.invokeTestMethods(TestMethodWorker.java:125)
at org.testng.internal.TestMethodWorker.run(TestMethodWorker.java:109)
at org.testng.TestRunner.privateRun(TestRunner.java:648)
at org.testng.TestRunner.run(TestRunner.java:505)
at org.testng.SuiteRunner.runTest(SuiteRunner.java:455)
at org.testng.SuiteRunner.runSequentially(SuiteRunner.java:450)
at org.testng.SuiteRunner.privateRun(SuiteRunner.java:415)
at org.testng.SuiteRunner.run(SuiteRunner.java:364)
at org.testng.SuiteRunnerWorker.runSuite(SuiteRunnerWorker.java:52)
at org.testng.SuiteRunnerWorker.run(SuiteRunnerWorker.java:84)
at org.testng.TestNG.runSuitesSequentially(TestNG.java:1208)
at org.testng.TestNG.runSuitesLocally(TestNG.java:1137)
at org.testng.TestNG.runSuites(TestNG.java:1049)
at org.testng.TestNG.run(TestNG.java:1017)
at org.testng.remote.AbstractRemoteTestNG.run(AbstractRemoteTestNG.java:114)
at org.testng.remote.RemoteTestNG.initAndRun(RemoteTestNG.java:251)
at org.testng.remote.RemoteTestNG.main(RemoteTestNG.java:77)
]]>
            </full-stacktrace>
          </exception> <!-- java.lang.AbstractMethodError -->
          <reporter-output>
          </reporter-output>
        </test-method> <!-- invalidLoginTest -->
        <test-method status="PASS" signature="tearDown()[pri:0, instance:com.seleniumassignment.qa.testcases.LoginPageTest@23fe1d71]" name="tearDown" is-config="true" duration-ms="864" started-at="2018-12-08T08:05:43Z" finished-at="2018-12-08T08:05:44Z">
          <reporter-output>
          </reporter-output>
        </test-method> <!-- tearDown -->
        <test-method status="PASS" signature="setUp()[pri:0, instance:com.seleniumassignment.qa.testcases.LoginPageTest@23fe1d71]" name="setUp" is-config="true" duration-ms="6433" started-at="2018-12-08T08:05:44Z" finished-at="2018-12-08T08:05:50Z">
          <reporter-output>
          </reporter-output>
        </test-method> <!-- setUp -->
        <test-method status="PASS" signature="tabsTest()[pri:0, instance:com.seleniumassignment.qa.testcases.LoginPageTest@23fe1d71]" name="tabsTest" duration-ms="2" started-at="2018-12-08T08:05:50Z" description="Verify 4 tabs" finished-at="2018-12-08T08:05:50Z">
          <reporter-output>
          </reporter-output>
        </test-method> <!-- tabsTest -->
        <test-method status="PASS" signature="tearDown()[pri:0, instance:com.seleniumassignment.qa.testcases.LoginPageTest@23fe1d71]" name="tearDown" is-config="true" duration-ms="1043" started-at="2018-12-08T08:05:50Z" finished-at="2018-12-08T08:05:51Z">
          <reporter-output>
          </reporter-output>
        </test-method> <!-- tearDown -->
        <test-method status="PASS" signature="setUp()[pri:0, instance:com.seleniumassignment.qa.testcases.LoginPageTest@23fe1d71]" name="setUp" is-config="true" duration-ms="6014" started-at="2018-12-08T08:06:09Z" finished-at="2018-12-08T08:06:15Z">
          <reporter-output>
          </reporter-output>
        </test-method> <!-- setUp -->
        <test-method status="PASS" signature="validLoginTest()[pri:1, instance:com.seleniumassignment.qa.testcases.LoginPageTest@23fe1d71]" name="validLoginTest" duration-ms="1185" started-at="2018-12-08T08:06:15Z" description="Valid Login" finished-at="2018-12-08T08:06:16Z">
          <reporter-output>
          </reporter-output>
        </test-method> <!-- validLoginTest -->
        <test-method status="PASS" signature="tearDown()[pri:0, instance:com.seleniumassignment.qa.testcases.LoginPageTest@23fe1d71]" name="tearDown" is-config="true" duration-ms="960" started-at="2018-12-08T08:06:16Z" finished-at="2018-12-08T08:06:17Z">
          <reporter-output>
          </reporter-output>
        </test-method> <!-- tearDown -->
        <test-method status="PASS" signature="setUp()[pri:0, instance:com.seleniumassignment.qa.testcases.LoginPageTest@23fe1d71]" name="setUp" is-config="true" duration-ms="6365" started-at="2018-12-08T08:06:25Z" finished-at="2018-12-08T08:06:31Z">
          <reporter-output>
          </reporter-output>
        </test-method> <!-- setUp -->
        <test-method status="PASS" signature="loginPageTtileTest()[pri:2, instance:com.seleniumassignment.qa.testcases.LoginPageTest@23fe1d71]" name="loginPageTtileTest" duration-ms="23" started-at="2018-12-08T08:06:31Z" description="Verify pageTitle" finished-at="2018-12-08T08:06:31Z">
          <reporter-output>
          </reporter-output>
        </test-method> <!-- loginPageTtileTest -->
        <test-method status="PASS" signature="tearDown()[pri:0, instance:com.seleniumassignment.qa.testcases.LoginPageTest@23fe1d71]" name="tearDown" is-config="true" duration-ms="958" started-at="2018-12-08T08:06:31Z" finished-at="2018-12-08T08:06:32Z">
          <reporter-output>
          </reporter-output>
        </test-method> <!-- tearDown -->
      </class> <!-- com.seleniumassignment.qa.testcases.LoginPageTest -->
    </test> <!-- Selenium Assignment Test Cases -->
  </suite> <!-- Selenium Assignment Suite -->
</testng-results>
